2019-10-31 22:48:21,484 findfont: Matching :family=sans-serif:style=normal:variant=normal:weight=normal:stretch=normal:size=10.0 to DejaVu Sans ('/usr/local/lib/python2.7/dist-packages/matplotlib/mpl-data/fonts/ttf/DejaVuSans.ttf') with score of 0.050000
2019-10-31 22:48:21,606 Time : 0 -- Train Shatabdi Putting in the network
2019-10-31 22:48:22,107 Time : 1 Updating Graph
2019-10-31 22:48:22,118 findfont: Matching :family=sans-serif:style=normal:variant=normal:weight=normal:stretch=normal:size=8.0 to DejaVu Sans ('/usr/local/lib/python2.7/dist-packages/matplotlib/mpl-data/fonts/ttf/DejaVuSans.ttf') with score of 0.050000
2019-10-31 22:48:22,158 findfont: Matching :family=sans-serif:style=normal:variant=normal:weight=normal:stretch=normal:size=12.0 to DejaVu Sans ('/usr/local/lib/python2.7/dist-packages/matplotlib/mpl-data/fonts/ttf/DejaVuSans.ttf') with score of 0.050000
2019-10-31 22:48:22,808 Time : 2 Updating Graph
2019-10-31 22:48:23,490 Time : 3 Updating Graph
2019-10-31 22:48:24,169 Time : 4 Updating Graph
2019-10-31 22:48:24,818 Time : 5 Updating Graph
2019-10-31 22:48:25,482 Time : 6 Updating Graph
2019-10-31 22:48:26,151 Time : 7 Updating Graph
2019-10-31 22:48:26,808 Time : 8 Updating Graph
2019-10-31 22:48:27,443 Time : 9 Updating Graph
2019-10-31 22:48:27,593 Time : 10 -- Train Shatabdi Can be put in the network
2019-10-31 22:48:27,593 Time : 10 Acting for train Shatabdi
2019-10-31 22:48:27,593 Time : 10 -- Train Shatabdi initiating
2019-10-31 22:48:28,093 Time : 10 Updating Graph
2019-10-31 22:48:28,213 Time : 10 -- Train Shatabdi initiated. On Track Alpha
2019-10-31 22:48:28,213 Time : 10 Acting for train Shatabdi
2019-10-31 22:48:28,213 Time : 10 -- Train Shatabdi Try to depart to track Alpha-Beta
2019-10-31 22:48:28,213 Time : 10 -- Train Shatabdi On track Alpha-Beta
2019-10-31 22:48:28,714 Time : 11 Updating Graph
2019-10-31 22:48:29,352 Time : 12 Updating Graph
2019-10-31 22:48:29,992 Time : 13 Updating Graph
2019-10-31 22:48:30,140 Time : 14.0 -- Train Shatabdi Travelled on track Alpha-Beta
2019-10-31 22:48:30,641 Time : 14 Updating Graph
2019-10-31 22:48:30,782 Time : 14.0 Acting for train Shatabdi
2019-10-31 22:48:30,783 Time : 14.0 -- Train Shatabdi Try to arrive at station Beta
2019-10-31 22:48:30,783 Time : 14.0 -- Train Shatabdi Arrived at station Beta
2019-10-31 22:48:31,284 Time : 15 Updating Graph
2019-10-31 22:48:31,438 Time : 15.0 Acting for train Shatabdi
2019-10-31 22:48:31,438 Time : 15.0 -- Train Shatabdi Try to depart to track Beta-Gamma
2019-10-31 22:48:31,438 Time : 15.0 -- Train Shatabdi On track Beta-Gamma
2019-10-31 22:48:31,939 Time : 16 Updating Graph
2019-10-31 22:48:32,562 Time : 17 Updating Graph
2019-10-31 22:48:33,193 Time : 18 Updating Graph
2019-10-31 22:48:33,318 Time : 19.0 -- Train Shatabdi Travelled on track Beta-Gamma
2019-10-31 22:48:33,819 Time : 19 Updating Graph
2019-10-31 22:48:33,942 Time : 19.0 Acting for train Shatabdi
2019-10-31 22:48:33,942 Time : 19.0 -- Train Shatabdi Try to arrive at station Gamma
2019-10-31 22:48:33,943 Time : 19.0 -- Train Shatabdi Arrived at station Gamma
2019-10-31 22:48:33,943 Time : 20 Checking Deadlock
2019-10-31 22:48:34,444 Time : 20 Updating Graph
2019-10-31 22:48:35,096 Time : 21 Updating Graph
2019-10-31 22:48:35,750 Time : 22 Updating Graph
2019-10-31 22:48:36,374 Time : 23 Updating Graph
2019-10-31 22:48:36,999 Time : 24 Updating Graph
2019-10-31 22:48:37,618 Time : 25 Updating Graph
2019-10-31 22:48:38,299 Time : 26 Updating Graph
2019-10-31 22:48:38,950 Time : 27 Updating Graph
2019-10-31 22:48:39,098 Time : 27.0 Acting for train Shatabdi
2019-10-31 22:48:39,098 Time : 27.0 -- Train Shatabdi Try to depart to track Gamma-Zeta
2019-10-31 22:48:39,098 Time : 27.0 -- Train Shatabdi On track Gamma-Zeta
2019-10-31 22:48:39,600 Time : 28 Updating Graph
2019-10-31 22:48:40,219 Time : 29 Updating Graph
2019-10-31 22:48:40,843 Time : 30 Updating Graph
2019-10-31 22:48:41,466 Time : 31 Updating Graph
2019-10-31 22:48:41,649 Time : 32.0 -- Train Shatabdi Travelled on track Gamma-Zeta
2019-10-31 22:48:42,150 Time : 32 Updating Graph
2019-10-31 22:48:42,270 Time : 32.0 Acting for train Shatabdi
2019-10-31 22:48:42,270 Time : 32.0 -- Train Shatabdi Try to arrive at station Zeta
2019-10-31 22:48:42,271 Time : 32.0 -- Train Shatabdi Arrived at station Zeta
2019-10-31 22:48:42,271 Time : 32.0 -- Train Shatabdi Completed journey.
2019-10-31 22:48:42,271 Time : 32.0 Acting for train Shatabdi
2019-10-31 22:48:42,271 Time : 32.0 -- Train :Shatabdi Completed Journey : Released all the resources 
2019-10-31 22:48:42,772 Time : 33 Updating Graph
2019-10-31 22:48:43,426 Time : 34 Updating Graph
2019-10-31 22:48:44,055 Time : 35 Updating Graph
2019-10-31 22:48:44,680 Time : 36 Updating Graph
2019-10-31 22:48:45,303 Time : 37 Updating Graph
2019-10-31 22:48:45,924 Time : 38 Updating Graph
2019-10-31 22:48:46,548 Time : 39 Updating Graph
