\BOOKMARK [0][-]{chapter*.1}{List of Figures}{}% 1
\BOOKMARK [0][-]{chapter.1}{Introduction}{}% 2
\BOOKMARK [0][-]{chapter.2}{Problem Statement}{}% 3
\BOOKMARK [1][-]{section.2.1}{Indian Railways}{chapter.2}% 4
\BOOKMARK [1][-]{section.2.2}{Railway Scheduling Problem}{chapter.2}% 5
\BOOKMARK [2][-]{subsection.2.2.1}{Scheduling}{section.2.2}% 6
\BOOKMARK [2][-]{subsection.2.2.2}{Rescheduling}{section.2.2}% 7
\BOOKMARK [0][-]{chapter.3}{Simulator Implementation}{}% 8
\BOOKMARK [1][-]{section.3.1}{Railway simulator}{chapter.3}% 9
\BOOKMARK [2][-]{subsection.3.1.1}{Requirement}{section.3.1}% 10
\BOOKMARK [2][-]{subsection.3.1.2}{Implementation}{section.3.1}% 11
\BOOKMARK [1][-]{section.3.2}{Implementation Details}{chapter.3}% 12
\BOOKMARK [2][-]{subsection.3.2.1}{Modules and its components}{section.3.2}% 13
\BOOKMARK [1][-]{section.3.3}{Rail Network and Train}{chapter.3}% 14
\BOOKMARK [2][-]{subsection.3.3.1}{Mathematical model}{section.3.3}% 15
\BOOKMARK [2][-]{subsection.3.3.2}{Railway Network}{section.3.3}% 16
\BOOKMARK [2][-]{subsection.3.3.3}{Trains}{section.3.3}% 17
\BOOKMARK [1][-]{section.3.4}{Statistical Analysis and Graph}{chapter.3}% 18
\BOOKMARK [2][-]{subsection.3.4.1}{Log generatotion}{section.3.4}% 19
\BOOKMARK [2][-]{subsection.3.4.2}{Graphs for visulalization}{section.3.4}% 20
\BOOKMARK [2][-]{subsection.3.4.3}{Details of the image}{section.3.4}% 21
\BOOKMARK [1][-]{section.3.5}{Resource Usage}{chapter.3}% 22
\BOOKMARK [2][-]{subsection.3.5.1}{Resource usage graph}{section.3.5}% 23
\BOOKMARK [2][-]{subsection.3.5.2}{Deadlock detection}{section.3.5}% 24
\BOOKMARK [2][-]{subsection.3.5.3}{Deadlock avoidance heuristic}{section.3.5}% 25
\BOOKMARK [1][-]{section.3.6}{Simulator}{chapter.3}% 26
\BOOKMARK [0][-]{chapter.4}{Algorithm Details}{}% 27
\BOOKMARK [1][-]{section.4.1}{Generalised State Representation}{chapter.4}% 28
\BOOKMARK [1][-]{section.4.2}{Action and Policy Definition}{chapter.4}% 29
\BOOKMARK [2][-]{subsection.4.2.1}{ \040- greedy policy}{section.4.2}% 30
\BOOKMARK [2][-]{subsection.4.2.2}{Modified \040- greedy policy}{section.4.2}% 31
\BOOKMARK [1][-]{section.4.3}{Objective Function}{chapter.4}% 32
\BOOKMARK [1][-]{section.4.4}{Sarsa\(\)}{chapter.4}% 33
\BOOKMARK [1][-]{section.4.5}{Proxy reward}{chapter.4}% 34
\BOOKMARK [2][-]{subsection.4.5.1}{Prior}{section.4.5}% 35
\BOOKMARK [2][-]{subsection.4.5.2}{Proposed}{section.4.5}% 36
\BOOKMARK [1][-]{section.4.6}{Transfer Learning}{chapter.4}% 37
\BOOKMARK [0][-]{chapter.5}{Experiments}{}% 38
\BOOKMARK [1][-]{section.5.1}{Problem Instances}{chapter.5}% 39
\BOOKMARK [2][-]{subsection.5.1.1}{HYP-1}{section.5.1}% 40
\BOOKMARK [2][-]{subsection.5.1.2}{HYP-2 \046 HYP-3}{section.5.1}% 41
\BOOKMARK [1][-]{section.5.2}{Hyperparameters}{chapter.5}% 42
\BOOKMARK [1][-]{section.5.3}{Results}{chapter.5}% 43
\BOOKMARK [2][-]{subsection.5.3.1}{Sarsa \(\) on HYP-1}{section.5.3}% 44
\BOOKMARK [2][-]{subsection.5.3.2}{Proposed work on HYP-1}{section.5.3}% 45
\BOOKMARK [1][-]{section.5.4}{Training on HYP-2 \046 HYP-3}{chapter.5}% 46
\BOOKMARK [1][-]{section.5.5}{Testing and transfer learning}{chapter.5}% 47
\BOOKMARK [0][-]{chapter.6}{Flatland Environment}{}% 48
\BOOKMARK [1][-]{section.6.1}{Environment}{chapter.6}% 49
\BOOKMARK [2][-]{subsection.6.1.1}{Tile types}{section.6.1}% 50
\BOOKMARK [1][-]{section.6.2}{Observations}{chapter.6}% 51
\BOOKMARK [2][-]{subsection.6.2.1}{Global Observation}{section.6.2}% 52
\BOOKMARK [2][-]{subsection.6.2.2}{Tree Observations}{section.6.2}% 53
\BOOKMARK [1][-]{section.6.3}{Action space}{chapter.6}% 54
\BOOKMARK [1][-]{section.6.4}{Problem Instances}{chapter.6}% 55
\BOOKMARK [0][-]{chapter.7}{Double deep Q-learning Solution}{}% 56
\BOOKMARK [1][-]{section.7.1}{Algorithm}{chapter.7}% 57
\BOOKMARK [2][-]{subsection.7.1.1}{Pseudocode}{section.7.1}% 58
\BOOKMARK [1][-]{section.7.2}{Results}{chapter.7}% 59
\BOOKMARK [2][-]{subsection.7.2.1}{Single agent}{section.7.2}% 60
\BOOKMARK [2][-]{subsection.7.2.2}{Multiple Agent}{section.7.2}% 61
\BOOKMARK [1][-]{section.7.3}{Alternate RL algorithms}{chapter.7}% 62
\BOOKMARK [0][-]{chapter.8}{Cooperative Pathfinding}{}% 63
\BOOKMARK [1][-]{section.8.1}{The problem with A*}{chapter.8}% 64
\BOOKMARK [1][-]{section.8.2}{The Fourth Dimension}{chapter.8}% 65
\BOOKMARK [1][-]{section.8.3}{Reservation Table}{chapter.8}% 66
\BOOKMARK [1][-]{section.8.4}{Choosing heuristic}{chapter.8}% 67
\BOOKMARK [2][-]{subsection.8.4.1}{Manhattan distance heuristic}{section.8.4}% 68
\BOOKMARK [2][-]{subsection.8.4.2}{True distance heuristic}{section.8.4}% 69
\BOOKMARK [1][-]{section.8.5}{Results}{chapter.8}% 70
\BOOKMARK [2][-]{subsection.8.5.1}{Cooperative A* with only cell reserved at t}{section.8.5}% 71
\BOOKMARK [2][-]{subsection.8.5.2}{Cooperative A* with cell reserved at t and t+1}{section.8.5}% 72
\BOOKMARK [1][-]{section.8.6}{Drawbacks}{chapter.8}% 73
\BOOKMARK [0][-]{chapter.9}{Conclusion and Future Work}{}% 74
\BOOKMARK [0][-]{chapter.9}{References}{}% 75
