2020-01-05 16:39:22,939 INFO Time : 20 Checking Deadlock
2020-01-05 16:39:22,939 INFO Time : 20 Number of trains not yet started - 0
2020-01-05 16:39:22,939 INFO Time : 20 Number of running trains - 0
2020-01-05 16:39:22,939 INFO Time : 20 Number of trains Completed but resource not freed - 0
2020-01-05 16:39:22,939 INFO Time : 20 Number of trains which have Completed journey - 8
2020-01-05 16:39:22,940 INFO Time : 40.0 All trains completed journey. Terminating Simulation
2020-01-05 16:39:23,068 INFO Time : 20 Checking Deadlock
2020-01-05 16:39:23,069 INFO Time : 20 Number of trains not yet started - 0
2020-01-05 16:39:23,069 INFO Time : 20 Number of running trains - 0
2020-01-05 16:39:23,069 INFO Time : 20 Number of trains Completed but resource not freed - 0
2020-01-05 16:39:23,069 INFO Time : 20 Number of trains which have Completed journey - 8
2020-01-05 16:39:23,071 INFO Time : 40.0 All trains completed journey. Terminating Simulation
2020-01-05 16:39:23,182 INFO Time : 20 Checking Deadlock
2020-01-05 16:39:23,183 INFO Time : 20 Number of trains not yet started - 0
2020-01-05 16:39:23,183 INFO Time : 20 Number of running trains - 0
2020-01-05 16:39:23,183 INFO Time : 20 Number of trains Completed but resource not freed - 0
2020-01-05 16:39:23,183 INFO Time : 20 Number of trains which have Completed journey - 8
2020-01-05 16:39:23,184 INFO Time : 40.0 All trains completed journey. Terminating Simulation
2020-01-05 16:39:23,310 INFO Time : 20 Checking Deadlock
2020-01-05 16:39:23,310 INFO Time : 20 Number of trains not yet started - 0
2020-01-05 16:39:23,310 INFO Time : 20 Number of running trains - 0
2020-01-05 16:39:23,310 INFO Time : 20 Number of trains Completed but resource not freed - 0
2020-01-05 16:39:23,311 INFO Time : 20 Number of trains which have Completed journey - 8
2020-01-05 16:39:23,312 INFO Time : 40.0 All trains completed journey. Terminating Simulation
2020-01-05 16:39:23,423 INFO Time : 20 Checking Deadlock
2020-01-05 16:39:23,424 INFO Time : 20 Number of trains not yet started - 0
2020-01-05 16:39:23,424 INFO Time : 20 Number of running trains - 0
2020-01-05 16:39:23,424 INFO Time : 20 Number of trains Completed but resource not freed - 0
2020-01-05 16:39:23,424 INFO Time : 20 Number of trains which have Completed journey - 8
2020-01-05 16:39:23,425 INFO Time : 40.0 All trains completed journey. Terminating Simulation
