2019-11-01 23:47:44,435 INFO Time : 0 -- Train Shatabdi Putting in the network
2019-11-01 23:47:50,097 INFO Time : 10 -- Train Shatabdi Can be put in the network
2019-11-01 23:47:50,714 INFO Time -- 10 : Shatabdi move Valid
2019-11-01 23:47:50,714 INFO Time : 10 -- Acting for train Shatabdi
2019-11-01 23:47:50,714 INFO Time : 10 -- Train Shatabdi initiating
2019-11-01 23:47:50,714 INFO Time : 10 -- Train Shatabdi initiated. On Track Alpha
2019-11-01 23:47:50,714 INFO Time -- 10 : Shatabdi move Valid
2019-11-01 23:47:50,714 INFO Time : 10 -- Acting for train Shatabdi
2019-11-01 23:47:50,714 INFO Time : 10 -- Train Shatabdi Try to depart to track Alpha-Beta
2019-11-01 23:47:50,714 INFO Time : 10 -- Train Shatabdi On track Alpha-Beta
2019-11-01 23:47:52,596 INFO Time : 14.0 -- Train Shatabdi Travelled on track Alpha-Beta
2019-11-01 23:47:53,244 INFO Time -- 14 : Shatabdi move Invalid
2019-11-01 23:47:53,244 INFO Time : 14 -- Acting for train Shatabdi
2019-11-01 23:47:53,244 INFO Time : 14 -- Train Shatabdi Wait for 1 unit time
2019-11-01 23:47:53,886 INFO Time -- 15 : Shatabdi move Invalid
2019-11-01 23:47:53,886 INFO Time : 15 -- Acting for train Shatabdi
2019-11-01 23:47:53,886 INFO Time : 15 -- Train Shatabdi Wait for 1 unit time
2019-11-01 23:47:54,502 INFO Time -- 16 : Shatabdi move Invalid
2019-11-01 23:47:54,502 INFO Time : 16 -- Acting for train Shatabdi
2019-11-01 23:47:54,502 INFO Time : 16 -- Train Shatabdi Wait for 1 unit time
2019-11-01 23:47:55,145 INFO Time -- 17 : Shatabdi move Valid
2019-11-01 23:47:55,145 INFO Time : 17 -- Acting for train Shatabdi
2019-11-01 23:47:55,145 INFO Time : 17 -- Train Shatabdi Try to arrive at station Beta
2019-11-01 23:47:55,146 INFO Time : 17 -- Train Shatabdi Arrived at station Beta
2019-11-01 23:47:55,146 INFO Time -- 17 : Shatabdi move Invalid
2019-11-01 23:47:55,146 INFO Time : 17 -- Acting for train Shatabdi
2019-11-01 23:47:55,146 INFO Time : 17 -- Train Shatabdi Wait for 1 unit time
2019-11-01 23:47:55,796 INFO Time -- 18 : Shatabdi move Invalid
2019-11-01 23:47:55,796 INFO Time : 18 -- Acting for train Shatabdi
2019-11-01 23:47:55,796 INFO Time : 18 -- Train Shatabdi Wait for 1 unit time
2019-11-01 23:47:56,442 INFO Time -- 19 : Shatabdi move Invalid
2019-11-01 23:47:56,442 INFO Time : 19 -- Acting for train Shatabdi
2019-11-01 23:47:56,442 INFO Time : 19 -- Train Shatabdi Wait for 1 unit time
2019-11-01 23:47:57,096 INFO Time -- 20 : Shatabdi move Invalid
2019-11-01 23:47:57,096 INFO Time : 20 -- Acting for train Shatabdi
2019-11-01 23:47:57,096 INFO Time : 20 -- Train Shatabdi Wait for 1 unit time
2019-11-01 23:47:57,744 INFO Time -- 21 : Shatabdi move Valid
2019-11-01 23:47:57,744 INFO Time : 21 -- Acting for train Shatabdi
2019-11-01 23:47:57,744 INFO Time : 21 -- Train Shatabdi Try to depart to track Beta-Gamma
2019-11-01 23:47:57,744 INFO Time : 21 -- Train Shatabdi On track Beta-Gamma
2019-11-01 23:47:59,668 INFO Time : 25.0 -- Train Shatabdi Travelled on track Beta-Gamma
2019-11-01 23:48:00,289 INFO Time -- 25 : Shatabdi move Valid
2019-11-01 23:48:00,289 INFO Time : 25 -- Acting for train Shatabdi
2019-11-01 23:48:00,289 INFO Time : 25 -- Train Shatabdi Try to arrive at station Gamma
2019-11-01 23:48:00,289 INFO Time : 25 -- Train Shatabdi Arrived at station Gamma
2019-11-01 23:48:01,526 INFO Time -- 27 : Shatabdi move Valid
2019-11-01 23:48:01,526 INFO Time : 27 -- Acting for train Shatabdi
2019-11-01 23:48:01,526 INFO Time : 27 -- Train Shatabdi Try to depart to track Gamma-Zeta
2019-11-01 23:48:01,526 INFO Time : 27 -- Train Shatabdi On track Gamma-Zeta
2019-11-01 23:48:04,004 INFO Time : 32.0 -- Train Shatabdi Travelled on track Gamma-Zeta
2019-11-01 23:48:04,624 INFO Time -- 32 : Shatabdi move Invalid
2019-11-01 23:48:04,624 INFO Time : 32 -- Acting for train Shatabdi
2019-11-01 23:48:04,624 INFO Time : 32 -- Train Shatabdi Wait for 1 unit time
2019-11-01 23:48:05,245 INFO Time -- 33 : Shatabdi move Invalid
2019-11-01 23:48:05,245 INFO Time : 33 -- Acting for train Shatabdi
2019-11-01 23:48:05,245 INFO Time : 33 -- Train Shatabdi Wait for 1 unit time
2019-11-01 23:48:05,865 INFO Time -- 34 : Shatabdi move Invalid
2019-11-01 23:48:05,865 INFO Time : 34 -- Acting for train Shatabdi
2019-11-01 23:48:05,865 INFO Time : 34 -- Train Shatabdi Wait for 1 unit time
2019-11-01 23:48:06,481 INFO Time -- 35 : Shatabdi move Invalid
2019-11-01 23:48:06,481 INFO Time : 35 -- Acting for train Shatabdi
2019-11-01 23:48:06,481 INFO Time : 35 -- Train Shatabdi Wait for 1 unit time
2019-11-01 23:48:07,100 INFO Time -- 36 : Shatabdi move Invalid
2019-11-01 23:48:07,100 INFO Time : 36 -- Acting for train Shatabdi
2019-11-01 23:48:07,100 INFO Time : 36 -- Train Shatabdi Wait for 1 unit time
2019-11-01 23:48:07,718 INFO Time -- 37 : Shatabdi move Invalid
2019-11-01 23:48:07,718 INFO Time : 37 -- Acting for train Shatabdi
2019-11-01 23:48:07,718 INFO Time : 37 -- Train Shatabdi Wait for 1 unit time
2019-11-01 23:48:08,335 INFO Time -- 38 : Shatabdi move Invalid
2019-11-01 23:48:08,335 INFO Time : 38 -- Acting for train Shatabdi
2019-11-01 23:48:08,335 INFO Time : 38 -- Train Shatabdi Wait for 1 unit time
2019-11-01 23:48:08,957 INFO Time -- 39 : Shatabdi move Invalid
2019-11-01 23:48:08,957 INFO Time : 39 -- Acting for train Shatabdi
2019-11-01 23:48:08,957 INFO Time : 39 -- Train Shatabdi Wait for 1 unit time
2019-11-01 23:48:09,576 INFO Time -- 40 : Shatabdi move Invalid
2019-11-01 23:48:09,576 INFO Time : 40 -- Acting for train Shatabdi
2019-11-01 23:48:09,576 INFO Time : 40 -- Train Shatabdi Wait for 1 unit time
