2019-11-01 23:47:44,434 INFO Time : 0 -- Train Train1 Putting in the network
2019-11-01 23:47:57,096 INFO Time : 21 -- Train Train1 Can be put in the network
2019-11-01 23:47:57,743 INFO Time -- 21 : Train1 move Valid
2019-11-01 23:47:57,743 INFO Time : 21 -- Acting for train Train1
2019-11-01 23:47:57,743 INFO Time : 21 -- Train Train1 initiating
2019-11-01 23:47:57,743 INFO Time : 21 -- Train Train1 initiated. On Track Zeta
2019-11-01 23:47:57,744 INFO Time -- 21 : Train1 move Valid
2019-11-01 23:47:57,744 INFO Time : 21 -- Acting for train Train1
2019-11-01 23:47:57,744 INFO Time : 21 -- Train Train1 Try to depart to track Zeta-Beta
2019-11-01 23:47:57,744 INFO Time : 21 -- Train Train1 On track Zeta-Beta
2019-11-01 23:48:02,143 INFO Time : 29.0 -- Train Train1 Travelled on track Zeta-Beta
2019-11-01 23:48:02,761 INFO Time -- 29 : Train1 move Invalid
2019-11-01 23:48:02,761 INFO Time : 29 -- Acting for train Train1
2019-11-01 23:48:02,761 INFO Time : 29 -- Train Train1 Wait for 1 unit time
2019-11-01 23:48:03,383 INFO Time -- 30 : Train1 move Invalid
2019-11-01 23:48:03,383 INFO Time : 30 -- Acting for train Train1
2019-11-01 23:48:03,383 INFO Time : 30 -- Train Train1 Wait for 1 unit time
2019-11-01 23:48:04,003 INFO Time -- 31 : Train1 move Invalid
2019-11-01 23:48:04,003 INFO Time : 31 -- Acting for train Train1
2019-11-01 23:48:04,003 INFO Time : 31 -- Train Train1 Wait for 1 unit time
2019-11-01 23:48:04,624 INFO Time -- 32 : Train1 move Invalid
2019-11-01 23:48:04,624 INFO Time : 32 -- Acting for train Train1
2019-11-01 23:48:04,624 INFO Time : 32 -- Train Train1 Wait for 1 unit time
2019-11-01 23:48:05,245 INFO Time -- 33 : Train1 move Invalid
2019-11-01 23:48:05,245 INFO Time : 33 -- Acting for train Train1
2019-11-01 23:48:05,245 INFO Time : 33 -- Train Train1 Wait for 1 unit time
2019-11-01 23:48:05,865 INFO Time -- 34 : Train1 move Invalid
2019-11-01 23:48:05,865 INFO Time : 34 -- Acting for train Train1
2019-11-01 23:48:05,865 INFO Time : 34 -- Train Train1 Wait for 1 unit time
2019-11-01 23:48:06,482 INFO Time -- 35 : Train1 move Invalid
2019-11-01 23:48:06,482 INFO Time : 35 -- Acting for train Train1
2019-11-01 23:48:06,482 INFO Time : 35 -- Train Train1 Wait for 1 unit time
2019-11-01 23:48:07,100 INFO Time -- 36 : Train1 move Invalid
2019-11-01 23:48:07,100 INFO Time : 36 -- Acting for train Train1
2019-11-01 23:48:07,100 INFO Time : 36 -- Train Train1 Wait for 1 unit time
2019-11-01 23:48:07,718 INFO Time -- 37 : Train1 move Invalid
2019-11-01 23:48:07,718 INFO Time : 37 -- Acting for train Train1
2019-11-01 23:48:07,718 INFO Time : 37 -- Train Train1 Wait for 1 unit time
2019-11-01 23:48:08,335 INFO Time -- 38 : Train1 move Invalid
2019-11-01 23:48:08,335 INFO Time : 38 -- Acting for train Train1
2019-11-01 23:48:08,335 INFO Time : 38 -- Train Train1 Wait for 1 unit time
2019-11-01 23:48:08,957 INFO Time -- 39 : Train1 move Invalid
2019-11-01 23:48:08,957 INFO Time : 39 -- Acting for train Train1
2019-11-01 23:48:08,957 INFO Time : 39 -- Train Train1 Wait for 1 unit time
2019-11-01 23:48:09,576 INFO Time -- 40 : Train1 move Invalid
2019-11-01 23:48:09,576 INFO Time : 40 -- Acting for train Train1
2019-11-01 23:48:09,576 INFO Time : 40 -- Train Train1 Wait for 1 unit time
