2019-11-01 23:47:44,435 INFO Time : 0 -- Train Train2 Putting in the network
2019-11-01 23:47:57,096 INFO Time : 21 -- Train Train2 Can be put in the network
2019-11-01 23:47:57,743 INFO Time -- 21 : Train2 move Invalid
2019-11-01 23:47:57,743 INFO Time : 21 -- Acting for train Train2
2019-11-01 23:47:57,743 INFO Time : 21 -- Train Train2 Wait for 1 unit time
2019-11-01 23:47:58,392 INFO Time -- 22 : Train2 move Valid
2019-11-01 23:47:58,392 INFO Time : 22 -- Acting for train Train2
2019-11-01 23:47:58,392 INFO Time : 22 -- Train Train2 initiating
2019-11-01 23:47:58,392 INFO Time : 22 -- Train Train2 initiated. On Track Beta
2019-11-01 23:47:58,393 INFO Time -- 22 : Train2 move Invalid
2019-11-01 23:47:58,393 INFO Time : 22 -- Acting for train Train2
2019-11-01 23:47:58,393 INFO Time : 22 -- Train Train2 Wait for 1 unit time
2019-11-01 23:47:59,020 INFO Time -- 23 : Train2 move Invalid
2019-11-01 23:47:59,020 INFO Time : 23 -- Acting for train Train2
2019-11-01 23:47:59,020 INFO Time : 23 -- Train Train2 Wait for 1 unit time
2019-11-01 23:47:59,668 INFO Time -- 24 : Train2 move Invalid
2019-11-01 23:47:59,668 INFO Time : 24 -- Acting for train Train2
2019-11-01 23:47:59,668 INFO Time : 24 -- Train Train2 Wait for 1 unit time
2019-11-01 23:48:00,289 INFO Time -- 25 : Train2 move Invalid
2019-11-01 23:48:00,289 INFO Time : 25 -- Acting for train Train2
2019-11-01 23:48:00,289 INFO Time : 25 -- Train Train2 Wait for 1 unit time
2019-11-01 23:48:00,905 INFO Time -- 26 : Train2 move Invalid
2019-11-01 23:48:00,905 INFO Time : 26 -- Acting for train Train2
2019-11-01 23:48:00,905 INFO Time : 26 -- Train Train2 Wait for 1 unit time
2019-11-01 23:48:01,527 INFO Time -- 27 : Train2 move Invalid
2019-11-01 23:48:01,527 INFO Time : 27 -- Acting for train Train2
2019-11-01 23:48:01,527 INFO Time : 27 -- Train Train2 Wait for 1 unit time
2019-11-01 23:48:02,142 INFO Time -- 28 : Train2 move Invalid
2019-11-01 23:48:02,142 INFO Time : 28 -- Acting for train Train2
2019-11-01 23:48:02,142 INFO Time : 28 -- Train Train2 Wait for 1 unit time
2019-11-01 23:48:02,762 INFO Time -- 29 : Train2 move Invalid
2019-11-01 23:48:02,762 INFO Time : 29 -- Acting for train Train2
2019-11-01 23:48:02,762 INFO Time : 29 -- Train Train2 Wait for 1 unit time
2019-11-01 23:48:03,384 INFO Time -- 30 : Train2 move Invalid
2019-11-01 23:48:03,384 INFO Time : 30 -- Acting for train Train2
2019-11-01 23:48:03,384 INFO Time : 30 -- Train Train2 Wait for 1 unit time
2019-11-01 23:48:04,004 INFO Time -- 31 : Train2 move Invalid
2019-11-01 23:48:04,004 INFO Time : 31 -- Acting for train Train2
2019-11-01 23:48:04,004 INFO Time : 31 -- Train Train2 Wait for 1 unit time
2019-11-01 23:48:04,624 INFO Time -- 32 : Train2 move Invalid
2019-11-01 23:48:04,625 INFO Time : 32 -- Acting for train Train2
2019-11-01 23:48:04,625 INFO Time : 32 -- Train Train2 Wait for 1 unit time
2019-11-01 23:48:05,245 INFO Time -- 33 : Train2 move Invalid
2019-11-01 23:48:05,245 INFO Time : 33 -- Acting for train Train2
2019-11-01 23:48:05,246 INFO Time : 33 -- Train Train2 Wait for 1 unit time
2019-11-01 23:48:05,865 INFO Time -- 34 : Train2 move Invalid
2019-11-01 23:48:05,865 INFO Time : 34 -- Acting for train Train2
2019-11-01 23:48:05,865 INFO Time : 34 -- Train Train2 Wait for 1 unit time
2019-11-01 23:48:06,482 INFO Time -- 35 : Train2 move Invalid
2019-11-01 23:48:06,482 INFO Time : 35 -- Acting for train Train2
2019-11-01 23:48:06,482 INFO Time : 35 -- Train Train2 Wait for 1 unit time
2019-11-01 23:48:07,101 INFO Time -- 36 : Train2 move Invalid
2019-11-01 23:48:07,101 INFO Time : 36 -- Acting for train Train2
2019-11-01 23:48:07,101 INFO Time : 36 -- Train Train2 Wait for 1 unit time
2019-11-01 23:48:07,718 INFO Time -- 37 : Train2 move Invalid
2019-11-01 23:48:07,718 INFO Time : 37 -- Acting for train Train2
2019-11-01 23:48:07,718 INFO Time : 37 -- Train Train2 Wait for 1 unit time
2019-11-01 23:48:08,335 INFO Time -- 38 : Train2 move Invalid
2019-11-01 23:48:08,335 INFO Time : 38 -- Acting for train Train2
2019-11-01 23:48:08,335 INFO Time : 38 -- Train Train2 Wait for 1 unit time
2019-11-01 23:48:08,957 INFO Time -- 39 : Train2 move Invalid
2019-11-01 23:48:08,957 INFO Time : 39 -- Acting for train Train2
2019-11-01 23:48:08,957 INFO Time : 39 -- Train Train2 Wait for 1 unit time
2019-11-01 23:48:09,576 INFO Time -- 40 : Train2 move Invalid
2019-11-01 23:48:09,576 INFO Time : 40 -- Acting for train Train2
2019-11-01 23:48:09,577 INFO Time : 40 -- Train Train2 Wait for 1 unit time
