2019-11-02 18:58:33,252 INFO Time : 0 -- Train Train004 Putting in the network
2019-11-02 18:58:33,253 INFO Time : 0 -- Train Train004 Can be put in the network
2019-11-02 18:58:33,256 INFO Time -- 0 : Train004 move Valid
2019-11-02 18:58:33,256 INFO Time : 0 -- Acting for train Train004
2019-11-02 18:58:33,256 INFO Time : 0 -- Train Train004 initiating
2019-11-02 18:58:33,256 INFO Time : 0 -- Train Train004 initiated. On Track Alpha
2019-11-02 18:58:33,261 INFO Time -- 1 : Train004 move Invalid. Waiting for Alpha - Bravo
2019-11-02 18:58:33,261 INFO Time : 1 -- Acting for train Train004
2019-11-02 18:58:33,261 INFO Time : 1 -- Train Train004 Wait for 1 unit time
2019-11-02 18:58:33,265 INFO Time -- 2 : Train004 move Valid
2019-11-02 18:58:33,265 INFO Time : 2 -- Acting for train Train004
2019-11-02 18:58:33,265 INFO Time : 2 -- Train Train004 Try to depart to track Alpha-Bravo
2019-11-02 18:58:33,265 INFO Time : 2 -- Train Train004 On track Alpha-Bravo
2019-11-02 18:58:33,268 INFO Time : 3.0 -- Train Train004 Travelled on track Alpha-Bravo
2019-11-02 18:58:33,268 INFO Time -- 3 : Train004 move Valid
2019-11-02 18:58:33,268 INFO Time : 3 -- Acting for train Train004
2019-11-02 18:58:33,269 INFO Time : 3 -- Train Train004 Try to arrive at station Bravo
2019-11-02 18:58:33,269 INFO Time : 3 -- Train Train004 Arrived at station Bravo
2019-11-02 18:58:33,270 INFO Time -- 3 : Train004 move Valid
2019-11-02 18:58:33,270 INFO Time : 3 -- Acting for train Train004
2019-11-02 18:58:33,270 INFO Time : 3 -- Train Train004 Try to depart to track Bravo-Charlie
2019-11-02 18:58:33,271 INFO Time : 3 -- Train Train004 On track Bravo-Charlie
2019-11-02 18:58:33,274 INFO Time : 4.0 -- Train Train004 Travelled on track Bravo-Charlie
2019-11-02 18:58:33,275 INFO Time -- 4 : Train004 move Valid
2019-11-02 18:58:33,275 INFO Time : 4 -- Acting for train Train004
2019-11-02 18:58:33,275 INFO Time : 4 -- Train Train004 Try to arrive at station Charlie
2019-11-02 18:58:33,275 INFO Time : 4 -- Train Train004 Arrived at station Charlie
2019-11-02 18:58:33,281 INFO Time -- 5 : Train004 move Valid
2019-11-02 18:58:33,281 INFO Time : 5 -- Acting for train Train004
2019-11-02 18:58:33,281 INFO Time : 5 -- Train Train004 Try to depart to track Charlie-Delta
2019-11-02 18:58:33,281 INFO Time : 5 -- Train Train004 On track Charlie-Delta
2019-11-02 18:58:33,284 INFO Time : 6.0 -- Train Train004 Travelled on track Charlie-Delta
2019-11-02 18:58:33,285 INFO Time -- 6 : Train004 move Valid
2019-11-02 18:58:33,285 INFO Time : 6 -- Acting for train Train004
2019-11-02 18:58:33,285 INFO Time : 6 -- Train Train004 Try to arrive at station Delta
2019-11-02 18:58:33,285 INFO Time : 6 -- Train Train004 Arrived at station Delta
2019-11-02 18:58:33,291 INFO Time -- 7 : Train004 move Valid
2019-11-02 18:58:33,291 INFO Time : 7 -- Acting for train Train004
2019-11-02 18:58:33,291 INFO Time : 7 -- Train Train004 Try to depart to track Delta-Echo
2019-11-02 18:58:33,291 INFO Time : 7 -- Train Train004 On track Delta-Echo
2019-11-02 18:58:33,292 INFO Time : 8.0 -- Train Train004 Travelled on track Delta-Echo
2019-11-02 18:58:33,293 INFO Time -- 8 : Train004 move Valid
2019-11-02 18:58:33,293 INFO Time : 8 -- Acting for train Train004
2019-11-02 18:58:33,293 INFO Time : 8 -- Train Train004 Try to arrive at station Echo
2019-11-02 18:58:33,293 INFO Time : 8 -- Train Train004 Arrived at station Echo
2019-11-02 18:58:33,293 INFO Time : 8 -- Train Train004 On last Station.
2019-11-02 18:58:33,296 INFO Time -- 9 : Train004 move Valid
2019-11-02 18:58:33,297 INFO Time : 9 -- Acting for train Train004
2019-11-02 18:58:33,297 INFO Time : 9 -- Train :Train004 Completed Journey : Released all the resources 
