2019-11-02 23:15:22,330 INFO Time : 0 -- Train Train014 Putting in the network
2019-11-02 23:15:22,330 INFO Time : 0 -- Train Train014 Can be put in the network
2019-11-02 23:15:22,335 INFO Time -- 0 : Train014 move Valid
2019-11-02 23:15:22,335 INFO Time : 0 -- Acting for train Train014
2019-11-02 23:15:22,335 INFO Time : 0 -- Train Train014 initiating
2019-11-02 23:15:22,335 INFO Time : 0 -- Train Train014 initiated. On Track Echo
2019-11-02 23:15:22,961 INFO Time -- 1 : Train014 move Invalid. Waiting for Echo - Delta
2019-11-02 23:15:22,962 INFO Time : 1 -- Acting for train Train014
2019-11-02 23:15:22,962 INFO Time : 1 -- Train Train014 Wait for 1 unit time
2019-11-02 23:15:23,630 INFO Time -- 2 : Train014 move Invalid. Waiting for Echo - Delta
2019-11-02 23:15:23,630 INFO Time : 2 -- Acting for train Train014
2019-11-02 23:15:23,630 INFO Time : 2 -- Train Train014 Wait for 1 unit time
2019-11-02 23:15:24,266 INFO Time -- 3 : Train014 move Valid
2019-11-02 23:15:24,266 INFO Time : 3 -- Acting for train Train014
2019-11-02 23:15:24,266 INFO Time : 3 -- Train Train014 Try to depart to track Echo-Delta
2019-11-02 23:15:24,266 INFO Time : 3 -- Train Train014 On track Echo-Delta
2019-11-02 23:15:24,897 INFO Time : 4.0 -- Train Train014 Travelled on track Echo-Delta
2019-11-02 23:15:24,898 INFO Time -- 4 : Train014 move Valid
2019-11-02 23:15:24,898 INFO Time : 4 -- Acting for train Train014
2019-11-02 23:15:24,898 INFO Time : 4 -- Train Train014 Try to arrive at station Delta
2019-11-02 23:15:24,898 INFO Time : 4 -- Train Train014 Arrived at station Delta
2019-11-02 23:15:25,505 INFO Time -- 5 : Train014 move Invalid. Waiting for Delta - Charlie
2019-11-02 23:15:25,505 INFO Time : 5 -- Acting for train Train014
2019-11-02 23:15:25,505 INFO Time : 5 -- Train Train014 Wait for 1 unit time
2019-11-02 23:15:26,138 INFO Time -- 6 : Train014 move Valid
2019-11-02 23:15:26,138 INFO Time : 6 -- Acting for train Train014
2019-11-02 23:15:26,138 INFO Time : 6 -- Train Train014 Try to depart to track Delta-Charlie
2019-11-02 23:15:26,138 INFO Time : 6 -- Train Train014 On track Delta-Charlie
2019-11-02 23:15:26,770 INFO Time : 7.0 -- Train Train014 Travelled on track Delta-Charlie
2019-11-02 23:15:26,770 INFO Time -- 7 : Train014 move Valid
2019-11-02 23:15:26,770 INFO Time : 7 -- Acting for train Train014
2019-11-02 23:15:26,771 INFO Time : 7 -- Train Train014 Try to arrive at station Charlie
2019-11-02 23:15:26,771 INFO Time : 7 -- Train Train014 Arrived at station Charlie
2019-11-02 23:15:27,403 INFO Time -- 8 : Train014 move Invalid. Waiting for Charlie - Bravo
2019-11-02 23:15:27,403 INFO Time : 8 -- Acting for train Train014
2019-11-02 23:15:27,403 INFO Time : 8 -- Train Train014 Wait for 1 unit time
2019-11-02 23:15:28,036 INFO Time -- 9 : Train014 move Valid
2019-11-02 23:15:28,036 INFO Time : 9 -- Acting for train Train014
2019-11-02 23:15:28,036 INFO Time : 9 -- Train Train014 Try to depart to track Charlie-Bravo
2019-11-02 23:15:28,036 INFO Time : 9 -- Train Train014 On track Charlie-Bravo
2019-11-02 23:15:28,672 INFO Time : 10.0 -- Train Train014 Travelled on track Charlie-Bravo
2019-11-02 23:15:28,673 INFO Time -- 10 : Train014 move Valid
2019-11-02 23:15:28,673 INFO Time : 10 -- Acting for train Train014
2019-11-02 23:15:28,674 INFO Time : 10 -- Train Train014 Try to arrive at station Bravo
2019-11-02 23:15:28,674 INFO Time : 10 -- Train Train014 Arrived at station Bravo
2019-11-02 23:15:29,309 INFO Time -- 11 : Train014 move Valid
2019-11-02 23:15:29,309 INFO Time : 11 -- Acting for train Train014
2019-11-02 23:15:29,309 INFO Time : 11 -- Train Train014 Try to depart to track Bravo-Alpha
2019-11-02 23:15:29,309 INFO Time : 11 -- Train Train014 On track Bravo-Alpha
2019-11-02 23:15:29,913 INFO Time : 12.0 -- Train Train014 Travelled on track Bravo-Alpha
2019-11-02 23:15:29,914 INFO Time -- 12 : Train014 move Valid
2019-11-02 23:15:29,914 INFO Time : 12 -- Acting for train Train014
2019-11-02 23:15:29,914 INFO Time : 12 -- Train Train014 Try to arrive at station Alpha
2019-11-02 23:15:29,915 INFO Time : 12 -- Train Train014 Arrived at station Alpha
2019-11-02 23:15:29,915 INFO Time : 12 -- Train Train014 On last Station.
2019-11-02 23:15:30,550 INFO Time -- 13 : Train014 move Valid
2019-11-02 23:15:30,551 INFO Time : 13 -- Acting for train Train014
2019-11-02 23:15:30,551 INFO Time : 13 -- Train :Train014 Completed Journey : Released all the resources 
